<?xml version="1.0" encoding="UTF-8"?>
<coverage generated="1741627899404" clover="3.2.0">
  <project timestamp="1741627899405" name="All files">
    <metrics statements="12" coveredstatements="0" conditionals="1" coveredconditionals="1" methods="1" coveredmethods="1" elements="14" coveredelements="2" complexity="0" loc="12" ncloc="12" packages="1" files="1" classes="1"/>
    <file name="BasicStreamableCollection.ts" path="/home/usuario/prct06-generics-solid-alu0101560205/src/ejercicio-1/BasicStreamableCollection.ts">
      <metrics statements="12" coveredstatements="0" conditionals="1" coveredconditionals="1" methods="1" coveredmethods="1"/>
      <line num="6" count="0" type="stmt"/>
      <line num="7" count="0" type="stmt"/>
      <line num="9" count="0" type="stmt"/>
      <line num="10" count="0" type="stmt"/>
      <line num="11" count="0" type="stmt"/>
      <line num="16" count="0" type="stmt"/>
      <line num="17" count="0" type="stmt"/>
      <line num="18" count="0" type="stmt"/>
      <line num="24" count="0" type="stmt"/>
      <line num="25" count="0" type="stmt"/>
      <line num="26" count="0" type="stmt"/>
      <line num="32" count="0" type="stmt"/>
    </file>
  </project>
</coverage>
