{"/home/usuario/prct06-generics-solid-alu0101560205/src/ejercicio-1/BasicStreamableCollection.ts": {"path":"/home/usuario/prct06-generics-solid-alu0101560205/src/ejercicio-1/BasicStreamableCollection.ts","all":true,"statementMap":{"5":{"start":{"line":6,"column":0},"end":{"line":6,"column":77}},"6":{"start":{"line":7,"column":0},"end":{"line":7,"column":73}},"8":{"start":{"line":9,"column":0},"end":{"line":9,"column":23}},"9":{"start":{"line":10,"column":0},"end":{"line":10,"column":19}},"10":{"start":{"line":11,"column":0},"end":{"line":11,"column":3}},"15":{"start":{"line":16,"column":0},"end":{"line":16,"column":26}},"16":{"start":{"line":17,"column":0},"end":{"line":17,"column":26}},"17":{"start":{"line":18,"column":0},"end":{"line":18,"column":3}},"23":{"start":{"line":24,"column":0},"end":{"line":24,"column":17}},"24":{"start":{"line":25,"column":0},"end":{"line":25,"column":22}},"25":{"start":{"line":26,"column":0},"end":{"line":26,"column":3}},"31":{"start":{"line":32,"column":0},"end":{"line":32,"column":1}}},"s":{"5":0,"6":0,"8":0,"9":0,"10":0,"15":0,"16":0,"17":0,"23":0,"24":0,"25":0,"31":0},"branchMap":{"0":{"type":"branch","line":1,"loc":{"start":{"line":1,"column":819},"end":{"line":32,"column":1}},"locations":[{"start":{"line":1,"column":819},"end":{"line":32,"column":1}}]}},"b":{"0":[1]},"fnMap":{"0":{"name":"(empty-report)","decl":{"start":{"line":1,"column":819},"end":{"line":32,"column":1}},"loc":{"start":{"line":1,"column":819},"end":{"line":32,"column":1}},"line":1}},"f":{"0":1}}
}
